# 2025-10-21 12:09:39
drone-01: x=7.00, y=7.00, θ=242.0 degrees
drone-02: x=5.00, y=8.00, θ=99.0 degrees
drone-03: x=6.00, y=8.00, θ=58.0 degrees
drone-04: x=7.00, y=8.00, θ=152.0 degrees
drone-05: x=5.00, y=7.00, θ=135.0 degrees
dog-01: x=7.00, y=7.00, θ=11.0 degrees
dog-02: x=5.00, y=7.00, θ=27.0 degrees
dog-03: x=7.00, y=7.00, θ=248.0 degrees
dog-04: x=5.00, y=7.00, θ=285.0 degrees
dog-05: x=7.00, y=8.00, θ=44.0 degrees
humanoid-01: x=7.00, y=7.00, θ=65.0 degrees
car-01: x=6.00, y=7.00, θ=40.0 degrees
drone-01: x=7.00, y=7.00, θ=242.0 degrees
# 2025-10-21 12:09:59
drone-01: x=7.90, y=7.26, θ=257.0 degrees
drone-02: x=5.90, y=8.26, θ=114.0 degrees
drone-03: x=6.90, y=8.26, θ=73.0 degrees
drone-04: x=7.90, y=8.26, θ=167.0 degrees
drone-05: x=5.90, y=7.26, θ=150.0 degrees
dog-01: x=7.90, y=7.26, θ=26.0 degrees
dog-02: x=5.90, y=7.26, θ=42.0 degrees
dog-03: x=7.90, y=7.26, θ=263.0 degrees
dog-04: x=5.90, y=7.26, θ=300.0 degrees
dog-05: x=7.90, y=8.26, θ=59.0 degrees
humanoid-01: x=7.90, y=7.26, θ=80.0 degrees
car-01: x=6.90, y=7.26, θ=55.0 degrees
drone-01: x=7.90, y=7.26, θ=257.0 degrees
# 2025-10-21 12:10:19
drone-01: x=8.78, y=7.44, θ=272.0 degrees
drone-02: x=6.78, y=8.44, θ=129.0 degrees
drone-03: x=7.78, y=8.44, θ=88.0 degrees
drone-04: x=8.78, y=8.44, θ=182.0 degrees
drone-05: x=6.78, y=7.44, θ=165.0 degrees
dog-01: x=8.78, y=7.44, θ=41.0 degrees
dog-02: x=6.78, y=7.44, θ=57.0 degrees
dog-03: x=8.78, y=7.44, θ=278.0 degrees
dog-04: x=6.78, y=7.44, θ=315.0 degrees
dog-05: x=8.78, y=8.44, θ=74.0 degrees
humanoid-01: x=8.78, y=7.44, θ=95.0 degrees
car-01: x=7.78, y=7.44, θ=70.0 degrees
drone-01: x=8.78, y=7.44, θ=272.0 degrees
# 2025-10-21 12:10:39
drone-01: x=9.63, y=7.55, θ=287.0 degrees
drone-02: x=7.63, y=8.55, θ=144.0 degrees
drone-03: x=8.63, y=8.55, θ=103.0 degrees
drone-04: x=9.63, y=8.55, θ=197.0 degrees
drone-05: x=7.63, y=7.55, θ=180.0 degrees
dog-01: x=9.63, y=7.55, θ=56.0 degrees
dog-02: x=7.63, y=7.55, θ=72.0 degrees
dog-03: x=9.63, y=7.55, θ=293.0 degrees
dog-04: x=7.63, y=7.55, θ=330.0 degrees
dog-05: x=9.63, y=8.55, θ=89.0 degrees
humanoid-01: x=9.63, y=7.55, θ=110.0 degrees
car-01: x=8.63, y=7.55, θ=85.0 degrees
drone-01: x=9.63, y=7.55, θ=287.0 degrees
# 2025-10-21 12:10:59
drone-01: x=10.43, y=7.59, θ=302.0 degrees
drone-02: x=8.43, y=8.59, θ=159.0 degrees
drone-03: x=9.43, y=8.59, θ=118.0 degrees
drone-04: x=10.43, y=8.59, θ=212.0 degrees
drone-05: x=8.43, y=7.59, θ=195.0 degrees
dog-01: x=10.43, y=7.59, θ=71.0 degrees
dog-02: x=8.43, y=7.59, θ=87.0 degrees
dog-03: x=10.43, y=7.59, θ=308.0 degrees
dog-04: x=8.43, y=7.59, θ=345.0 degrees
dog-05: x=10.43, y=8.59, θ=104.0 degrees
humanoid-01: x=10.43, y=7.59, θ=125.0 degrees
car-01: x=9.43, y=7.59, θ=100.0 degrees
drone-01: x=10.43, y=7.59, θ=302.0 degrees
# 2025-10-21 12:11:19
drone-01: x=11.18, y=7.58, θ=317.0 degrees
drone-02: x=9.18, y=8.58, θ=174.0 degrees
drone-03: x=10.18, y=8.58, θ=133.0 degrees
drone-04: x=11.18, y=8.58, θ=227.0 degrees
drone-05: x=9.18, y=7.58, θ=210.0 degrees
dog-01: x=11.18, y=7.58, θ=86.0 degrees
dog-02: x=9.18, y=7.58, θ=102.0 degrees
dog-03: x=11.18, y=7.58, θ=323.0 degrees
dog-04: x=9.18, y=7.58, θ=0.0 degrees
dog-05: x=11.18, y=8.58, θ=119.0 degrees
humanoid-01: x=11.18, y=7.58, θ=140.0 degrees
car-01: x=10.18, y=7.58, θ=115.0 degrees
drone-01: x=11.18, y=7.58, θ=317.0 degrees
# 2025-10-21 12:11:39
drone-01: x=11.86, y=7.52, θ=332.0 degrees
drone-02: x=9.86, y=8.52, θ=189.0 degrees
drone-03: x=10.86, y=8.52, θ=148.0 degrees
drone-04: x=11.86, y=8.52, θ=242.0 degrees
drone-05: x=9.86, y=7.52, θ=225.0 degrees
dog-01: x=11.86, y=7.52, θ=101.0 degrees
dog-02: x=9.86, y=7.52, θ=117.0 degrees
dog-03: x=11.86, y=7.52, θ=338.0 degrees
dog-04: x=9.86, y=7.52, θ=15.0 degrees
dog-05: x=11.86, y=8.52, θ=134.0 degrees
humanoid-01: x=11.86, y=7.52, θ=155.0 degrees
car-01: x=10.86, y=7.52, θ=130.0 degrees
drone-01: x=11.86, y=7.52, θ=332.0 degrees
# 2025-10-21 12:11:59
drone-01: x=12.47, y=7.44, θ=347.0 degrees
drone-02: x=10.47, y=8.44, θ=204.0 degrees
drone-03: x=11.47, y=8.44, θ=163.0 degrees
drone-04: x=12.47, y=8.44, θ=257.0 degrees
drone-05: x=10.47, y=7.44, θ=240.0 degrees
dog-01: x=12.47, y=7.44, θ=116.0 degrees
dog-02: x=10.47, y=7.44, θ=132.0 degrees
dog-03: x=12.47, y=7.44, θ=353.0 degrees
dog-04: x=10.47, y=7.44, θ=30.0 degrees
dog-05: x=12.47, y=8.44, θ=149.0 degrees
humanoid-01: x=12.47, y=7.44, θ=170.0 degrees
car-01: x=11.47, y=7.44, θ=145.0 degrees
drone-01: x=12.47, y=7.44, θ=347.0 degrees
# 2025-10-21 12:12:19
drone-01: x=13.00, y=7.34, θ=2.0 degrees
drone-02: x=11.00, y=8.34, θ=219.0 degrees
drone-03: x=12.00, y=8.34, θ=178.0 degrees
drone-04: x=13.00, y=8.34, θ=272.0 degrees
drone-05: x=11.00, y=7.34, θ=255.0 degrees
dog-01: x=13.00, y=7.34, θ=131.0 degrees
dog-02: x=11.00, y=7.34, θ=147.0 degrees
dog-03: x=13.00, y=7.34, θ=8.0 degrees
dog-04: x=11.00, y=7.34, θ=45.0 degrees
dog-05: x=13.00, y=8.34, θ=164.0 degrees
humanoid-01: x=13.00, y=7.34, θ=185.0 degrees
car-01: x=12.00, y=7.34, θ=160.0 degrees
drone-01: x=13.00, y=7.34, θ=2.0 degrees
# 2025-10-21 12:12:39
drone-01: x=13.45, y=7.25, θ=17.0 degrees
drone-02: x=11.45, y=8.25, θ=234.0 degrees
drone-03: x=12.45, y=8.25, θ=193.0 degrees
drone-04: x=13.45, y=8.25, θ=287.0 degrees
drone-05: x=11.45, y=7.25, θ=270.0 degrees
dog-01: x=13.45, y=7.25, θ=146.0 degrees
dog-02: x=11.45, y=7.25, θ=162.0 degrees
dog-03: x=13.45, y=7.25, θ=23.0 degrees
dog-04: x=11.45, y=7.25, θ=60.0 degrees
dog-05: x=13.45, y=8.25, θ=179.0 degrees
humanoid-01: x=13.45, y=7.25, θ=200.0 degrees
car-01: x=12.45, y=7.25, θ=175.0 degrees
drone-01: x=13.45, y=7.25, θ=17.0 degrees
# 2025-10-21 12:12:59
drone-01: x=13.82, y=4.17, θ=32.0 degrees
drone-02: x=11.82, y=5.17, θ=249.0 degrees
drone-03: x=12.82, y=5.17, θ=208.0 degrees
drone-04: x=13.82, y=5.17, θ=302.0 degrees
drone-05: x=11.82, y=4.17, θ=285.0 degrees
dog-01: x=13.82, y=4.17, θ=161.0 degrees
dog-02: x=11.82, y=4.17, θ=177.0 degrees
dog-03: x=13.82, y=4.17, θ=38.0 degrees
dog-04: x=11.82, y=4.17, θ=75.0 degrees
dog-05: x=13.82, y=5.17, θ=194.0 degrees
humanoid-01: x=13.82, y=4.17, θ=215.0 degrees
car-01: x=12.82, y=4.17, θ=190.0 degrees
drone-01: x=13.82, y=4.17, θ=32.0 degrees
# 2025-10-21 12:13:19
drone-01: x=14.12, y=4.12, θ=47.0 degrees
drone-02: x=12.12, y=5.12, θ=264.0 degrees
drone-03: x=13.12, y=5.12, θ=223.0 degrees
drone-04: x=14.12, y=5.12, θ=317.0 degrees
drone-05: x=12.12, y=4.12, θ=300.0 degrees
dog-01: x=14.12, y=4.12, θ=176.0 degrees
dog-02: x=12.12, y=4.12, θ=192.0 degrees
dog-03: x=14.12, y=4.12, θ=53.0 degrees
dog-04: x=12.12, y=4.12, θ=90.0 degrees
dog-05: x=14.12, y=5.12, θ=209.0 degrees
humanoid-01: x=14.12, y=4.12, θ=230.0 degrees
car-01: x=13.12, y=4.12, θ=205.0 degrees
drone-01: x=14.12, y=4.12, θ=47.0 degrees
# 2025-10-21 12:13:39
drone-01: x=14.35, y=4.13, θ=62.0 degrees
drone-02: x=12.35, y=5.13, θ=279.0 degrees
drone-03: x=13.35, y=5.13, θ=238.0 degrees
drone-04: x=14.35, y=5.13, θ=332.0 degrees
drone-05: x=12.35, y=4.13, θ=315.0 degrees
dog-01: x=14.35, y=4.13, θ=191.0 degrees
dog-02: x=12.35, y=4.13, θ=207.0 degrees
dog-03: x=14.35, y=4.13, θ=68.0 degrees
dog-04: x=12.35, y=4.13, θ=105.0 degrees
dog-05: x=14.35, y=5.13, θ=224.0 degrees
humanoid-01: x=14.35, y=4.13, θ=245.0 degrees
car-01: x=13.35, y=4.13, θ=220.0 degrees
drone-01: x=14.35, y=4.13, θ=62.0 degrees
# 2025-10-21 12:13:59
drone-01: x=14.53, y=4.19, θ=77.0 degrees
drone-02: x=12.53, y=5.19, θ=294.0 degrees
drone-03: x=13.53, y=5.19, θ=253.0 degrees
drone-04: x=14.53, y=5.19, θ=347.0 degrees
drone-05: x=12.53, y=4.19, θ=330.0 degrees
dog-01: x=14.53, y=4.19, θ=206.0 degrees
dog-02: x=12.53, y=4.19, θ=222.0 degrees
dog-03: x=14.53, y=4.19, θ=83.0 degrees
dog-04: x=12.53, y=4.19, θ=120.0 degrees
dog-05: x=14.53, y=5.19, θ=239.0 degrees
humanoid-01: x=14.53, y=4.19, θ=260.0 degrees
car-01: x=13.53, y=4.19, θ=235.0 degrees
drone-01: x=14.53, y=4.19, θ=77.0 degrees
# 2025-10-21 12:14:19
drone-01: x=14.67, y=4.32, θ=92.0 degrees
drone-02: x=12.67, y=5.32, θ=309.0 degrees
drone-03: x=13.67, y=5.32, θ=268.0 degrees
drone-04: x=14.67, y=5.32, θ=2.0 degrees
drone-05: x=12.67, y=4.32, θ=345.0 degrees
dog-01: x=14.67, y=4.32, θ=221.0 degrees
dog-02: x=12.67, y=4.32, θ=237.0 degrees
dog-03: x=14.67, y=4.32, θ=98.0 degrees
dog-04: x=12.67, y=4.32, θ=135.0 degrees
dog-05: x=14.67, y=5.32, θ=254.0 degrees
humanoid-01: x=14.67, y=4.32, θ=275.0 degrees
car-01: x=13.67, y=4.32, θ=250.0 degrees
drone-01: x=14.67, y=4.32, θ=92.0 degrees
# 2025-10-21 12:14:39
drone-01: x=14.78, y=4.52, θ=107.0 degrees
drone-02: x=12.78, y=5.52, θ=324.0 degrees
drone-03: x=13.78, y=5.52, θ=283.0 degrees
drone-04: x=14.78, y=5.52, θ=17.0 degrees
drone-05: x=12.78, y=4.52, θ=0.0 degrees
dog-01: x=14.78, y=4.52, θ=236.0 degrees
dog-02: x=12.78, y=4.52, θ=252.0 degrees
dog-03: x=14.78, y=4.52, θ=113.0 degrees
dog-04: x=12.78, y=4.52, θ=150.0 degrees
dog-05: x=14.78, y=5.52, θ=269.0 degrees
humanoid-01: x=14.78, y=4.52, θ=290.0 degrees
car-01: x=13.78, y=4.52, θ=265.0 degrees
drone-01: x=14.78, y=4.52, θ=107.0 degrees
# 2025-10-21 12:14:59
drone-01: x=14.88, y=4.80, θ=122.0 degrees
drone-02: x=12.88, y=5.80, θ=339.0 degrees
drone-03: x=13.88, y=5.80, θ=298.0 degrees
drone-04: x=14.88, y=5.80, θ=32.0 degrees
drone-05: x=12.88, y=4.80, θ=15.0 degrees
dog-01: x=14.88, y=4.80, θ=251.0 degrees
dog-02: x=12.88, y=4.80, θ=267.0 degrees
dog-03: x=14.88, y=4.80, θ=128.0 degrees
dog-04: x=12.88, y=4.80, θ=165.0 degrees
dog-05: x=14.88, y=5.80, θ=284.0 degrees
humanoid-01: x=14.88, y=4.80, θ=305.0 degrees
car-01: x=13.88, y=4.80, θ=280.0 degrees
drone-01: x=14.88, y=4.80, θ=122.0 degrees
# 2025-10-21 12:15:19
drone-01: x=14.99, y=5.17, θ=137.0 degrees
drone-02: x=12.99, y=6.17, θ=354.0 degrees
drone-03: x=13.99, y=6.17, θ=313.0 degrees
drone-04: x=14.99, y=6.17, θ=47.0 degrees
drone-05: x=12.99, y=5.17, θ=30.0 degrees
dog-01: x=14.99, y=5.17, θ=266.0 degrees
dog-02: x=12.99, y=5.17, θ=282.0 degrees
dog-03: x=14.99, y=5.17, θ=143.0 degrees
dog-04: x=12.99, y=5.17, θ=180.0 degrees
dog-05: x=14.99, y=6.17, θ=299.0 degrees
humanoid-01: x=14.99, y=5.17, θ=320.0 degrees
car-01: x=13.99, y=5.17, θ=295.0 degrees
drone-01: x=14.99, y=5.17, θ=137.0 degrees
# 2025-10-21 12:15:39
drone-01: x=15.11, y=5.61, θ=152.0 degrees
drone-02: x=13.11, y=6.61, θ=9.0 degrees
drone-03: x=14.11, y=6.61, θ=328.0 degrees
drone-04: x=15.11, y=6.61, θ=62.0 degrees
drone-05: x=13.11, y=5.61, θ=45.0 degrees
dog-01: x=15.11, y=5.61, θ=281.0 degrees
dog-02: x=13.11, y=5.61, θ=297.0 degrees
dog-03: x=15.11, y=5.61, θ=158.0 degrees
dog-04: x=13.11, y=5.61, θ=195.0 degrees
dog-05: x=15.11, y=6.61, θ=314.0 degrees
humanoid-01: x=15.11, y=5.61, θ=335.0 degrees
car-01: x=14.11, y=5.61, θ=310.0 degrees
drone-01: x=15.11, y=5.61, θ=152.0 degrees
# 2025-10-21 12:15:59
drone-01: x=15.28, y=6.12, θ=167.0 degrees
drone-02: x=13.28, y=7.12, θ=24.0 degrees
drone-03: x=14.28, y=7.12, θ=343.0 degrees
drone-04: x=15.28, y=7.12, θ=77.0 degrees
drone-05: x=13.28, y=6.12, θ=60.0 degrees
dog-01: x=15.28, y=6.12, θ=296.0 degrees
dog-02: x=13.28, y=6.12, θ=312.0 degrees
dog-03: x=15.28, y=6.12, θ=173.0 degrees
dog-04: x=13.28, y=6.12, θ=210.0 degrees
dog-05: x=15.28, y=7.12, θ=329.0 degrees
humanoid-01: x=15.28, y=6.12, θ=350.0 degrees
car-01: x=14.28, y=6.12, θ=325.0 degrees
drone-01: x=15.28, y=6.12, θ=167.0 degrees
# 2025-10-21 12:16:19
drone-01: x=15.49, y=3.69, θ=182.0 degrees
drone-02: x=13.49, y=4.69, θ=39.0 degrees
drone-03: x=14.49, y=4.69, θ=358.0 degrees
drone-04: x=15.49, y=4.69, θ=92.0 degrees
drone-05: x=13.49, y=3.69, θ=75.0 degrees
dog-01: x=15.49, y=3.69, θ=311.0 degrees
dog-02: x=13.49, y=3.69, θ=327.0 degrees
dog-03: x=15.49, y=3.69, θ=188.0 degrees
dog-04: x=13.49, y=3.69, θ=225.0 degrees
dog-05: x=15.49, y=4.69, θ=344.0 degrees
humanoid-01: x=15.49, y=3.69, θ=5.0 degrees
car-01: x=14.49, y=3.69, θ=340.0 degrees
drone-01: x=15.49, y=3.69, θ=182.0 degrees
# 2025-10-21 12:16:39
drone-01: x=15.76, y=4.32, θ=197.0 degrees
drone-02: x=13.76, y=5.32, θ=54.0 degrees
drone-03: x=14.76, y=5.32, θ=13.0 degrees
drone-04: x=15.76, y=5.32, θ=107.0 degrees
drone-05: x=13.76, y=4.32, θ=90.0 degrees
dog-01: x=15.76, y=4.32, θ=326.0 degrees
dog-02: x=13.76, y=4.32, θ=342.0 degrees
dog-03: x=15.76, y=4.32, θ=203.0 degrees
dog-04: x=13.76, y=4.32, θ=240.0 degrees
dog-05: x=15.76, y=5.32, θ=359.0 degrees
humanoid-01: x=15.76, y=4.32, θ=20.0 degrees
car-01: x=14.76, y=4.32, θ=355.0 degrees
drone-01: x=15.76, y=4.32, θ=197.0 degrees
# 2025-10-21 12:16:59
drone-01: x=16.10, y=4.99, θ=212.0 degrees
drone-02: x=14.10, y=5.99, θ=69.0 degrees
drone-03: x=15.10, y=5.99, θ=28.0 degrees
drone-04: x=16.10, y=5.99, θ=122.0 degrees
drone-05: x=14.10, y=4.99, θ=105.0 degrees
dog-01: x=16.10, y=4.99, θ=341.0 degrees
dog-02: x=14.10, y=4.99, θ=357.0 degrees
dog-03: x=16.10, y=4.99, θ=218.0 degrees
dog-04: x=14.10, y=4.99, θ=255.0 degrees
dog-05: x=16.10, y=5.99, θ=14.0 degrees
humanoid-01: x=16.10, y=4.99, θ=35.0 degrees
car-01: x=15.10, y=4.99, θ=10.0 degrees
drone-01: x=16.10, y=4.99, θ=212.0 degrees
# 2025-10-21 12:17:19
drone-01: x=16.51, y=5.68, θ=227.0 degrees
drone-02: x=14.51, y=6.68, θ=84.0 degrees
drone-03: x=15.51, y=6.68, θ=43.0 degrees
drone-04: x=16.51, y=6.68, θ=137.0 degrees
drone-05: x=14.51, y=5.68, θ=120.0 degrees
dog-01: x=16.51, y=5.68, θ=356.0 degrees
dog-02: x=14.51, y=5.68, θ=12.0 degrees
dog-03: x=16.51, y=5.68, θ=233.0 degrees
dog-04: x=14.51, y=5.68, θ=270.0 degrees
dog-05: x=16.51, y=6.68, θ=29.0 degrees
humanoid-01: x=16.51, y=5.68, θ=50.0 degrees
car-01: x=15.51, y=5.68, θ=25.0 degrees
drone-01: x=16.51, y=5.68, θ=227.0 degrees
# 2025-10-21 12:17:39
drone-01: x=17.01, y=6.37, θ=242.0 degrees
drone-02: x=15.01, y=7.37, θ=99.0 degrees
drone-03: x=16.01, y=7.37, θ=58.0 degrees
drone-04: x=17.01, y=7.37, θ=152.0 degrees
drone-05: x=15.01, y=6.37, θ=135.0 degrees
dog-01: x=17.01, y=6.37, θ=11.0 degrees
dog-02: x=15.01, y=6.37, θ=27.0 degrees
dog-03: x=17.01, y=6.37, θ=248.0 degrees
dog-04: x=15.01, y=6.37, θ=285.0 degrees
dog-05: x=17.01, y=7.37, θ=44.0 degrees
humanoid-01: x=17.01, y=6.37, θ=65.0 degrees
car-01: x=16.01, y=6.37, θ=40.0 degrees
drone-01: x=17.01, y=6.37, θ=242.0 degrees
# 2025-10-21 12:17:59
drone-01: x=17.58, y=7.07, θ=257.0 degrees
drone-02: x=15.58, y=8.07, θ=114.0 degrees
drone-03: x=16.58, y=8.07, θ=73.0 degrees
drone-04: x=17.58, y=8.07, θ=167.0 degrees
drone-05: x=15.58, y=7.07, θ=150.0 degrees
dog-01: x=17.58, y=7.07, θ=26.0 degrees
dog-02: x=15.58, y=7.07, θ=42.0 degrees
dog-03: x=17.58, y=7.07, θ=263.0 degrees
dog-04: x=15.58, y=7.07, θ=300.0 degrees
dog-05: x=17.58, y=8.07, θ=59.0 degrees
humanoid-01: x=17.58, y=7.07, θ=80.0 degrees
car-01: x=16.58, y=7.07, θ=55.0 degrees
drone-01: x=17.58, y=7.07, θ=257.0 degrees
# 2025-10-21 12:18:19
drone-01: x=18.23, y=7.74, θ=272.0 degrees
drone-02: x=16.23, y=8.74, θ=129.0 degrees
drone-03: x=17.23, y=8.74, θ=88.0 degrees
drone-04: x=18.23, y=8.74, θ=182.0 degrees
drone-05: x=16.23, y=7.74, θ=165.0 degrees
dog-01: x=18.23, y=7.74, θ=41.0 degrees
dog-02: x=16.23, y=7.74, θ=57.0 degrees
dog-03: x=18.23, y=7.74, θ=278.0 degrees
dog-04: x=16.23, y=7.74, θ=315.0 degrees
dog-05: x=18.23, y=8.74, θ=74.0 degrees
humanoid-01: x=18.23, y=7.74, θ=95.0 degrees
car-01: x=17.23, y=7.74, θ=70.0 degrees
drone-01: x=18.23, y=7.74, θ=272.0 degrees
# 2025-10-21 12:18:39
drone-01: x=18.95, y=8.37, θ=287.0 degrees
drone-02: x=16.95, y=9.37, θ=144.0 degrees
drone-03: x=17.95, y=9.37, θ=103.0 degrees
drone-04: x=18.95, y=9.37, θ=197.0 degrees
drone-05: x=16.95, y=8.37, θ=180.0 degrees
dog-01: x=18.95, y=8.37, θ=56.0 degrees
dog-02: x=16.95, y=8.37, θ=72.0 degrees
dog-03: x=18.95, y=8.37, θ=293.0 degrees
dog-04: x=16.95, y=8.37, θ=330.0 degrees
dog-05: x=18.95, y=9.37, θ=89.0 degrees
humanoid-01: x=18.95, y=8.37, θ=110.0 degrees
car-01: x=17.95, y=8.37, θ=85.0 degrees
drone-01: x=18.95, y=8.37, θ=287.0 degrees
# 2025-10-21 12:18:59
drone-01: x=19.74, y=8.95, θ=302.0 degrees
drone-02: x=17.74, y=9.95, θ=159.0 degrees
drone-03: x=18.74, y=9.95, θ=118.0 degrees
drone-04: x=19.74, y=9.95, θ=212.0 degrees
drone-05: x=17.74, y=8.95, θ=195.0 degrees
dog-01: x=19.74, y=8.95, θ=71.0 degrees
dog-02: x=17.74, y=8.95, θ=87.0 degrees
dog-03: x=19.74, y=8.95, θ=308.0 degrees
dog-04: x=17.74, y=8.95, θ=345.0 degrees
dog-05: x=19.74, y=9.95, θ=104.0 degrees
humanoid-01: x=19.74, y=8.95, θ=125.0 degrees
car-01: x=18.74, y=8.95, θ=100.0 degrees
drone-01: x=19.74, y=8.95, θ=302.0 degrees
# 2025-10-21 12:19:19
drone-01: x=20.57, y=9.47, θ=317.0 degrees
drone-02: x=18.57, y=10.47, θ=174.0 degrees
drone-03: x=19.57, y=10.47, θ=133.0 degrees
drone-04: x=20.57, y=10.47, θ=227.0 degrees
drone-05: x=18.57, y=9.47, θ=210.0 degrees
dog-01: x=20.57, y=9.47, θ=86.0 degrees
dog-02: x=18.57, y=9.47, θ=102.0 degrees
dog-03: x=20.57, y=9.47, θ=323.0 degrees
dog-04: x=18.57, y=9.47, θ=0.0 degrees
dog-05: x=20.57, y=10.47, θ=119.0 degrees
humanoid-01: x=20.57, y=9.47, θ=140.0 degrees
car-01: x=19.57, y=9.47, θ=115.0 degrees
drone-01: x=20.57, y=9.47, θ=317.0 degrees
# 2025-10-21 12:19:39
drone-01: x=21.44, y=6.92, θ=332.0 degrees
drone-02: x=19.44, y=7.92, θ=189.0 degrees
drone-03: x=20.44, y=7.92, θ=148.0 degrees
drone-04: x=21.44, y=7.92, θ=242.0 degrees
drone-05: x=19.44, y=6.92, θ=225.0 degrees
dog-01: x=21.44, y=6.92, θ=101.0 degrees
dog-02: x=19.44, y=6.92, θ=117.0 degrees
dog-03: x=21.44, y=6.92, θ=338.0 degrees
dog-04: x=19.44, y=6.92, θ=15.0 degrees
dog-05: x=21.44, y=7.92, θ=134.0 degrees
humanoid-01: x=21.44, y=6.92, θ=155.0 degrees
car-01: x=20.44, y=6.92, θ=130.0 degrees
drone-01: x=21.44, y=6.92, θ=332.0 degrees
# 2025-10-21 12:19:59
drone-01: x=22.33, y=7.29, θ=347.0 degrees
drone-02: x=20.33, y=8.29, θ=204.0 degrees
drone-03: x=21.33, y=8.29, θ=163.0 degrees
drone-04: x=22.33, y=8.29, θ=257.0 degrees
drone-05: x=20.33, y=7.29, θ=240.0 degrees
dog-01: x=22.33, y=7.29, θ=116.0 degrees
dog-02: x=20.33, y=7.29, θ=132.0 degrees
dog-03: x=22.33, y=7.29, θ=353.0 degrees
dog-04: x=20.33, y=7.29, θ=30.0 degrees
dog-05: x=22.33, y=8.29, θ=149.0 degrees
humanoid-01: x=22.33, y=7.29, θ=170.0 degrees
car-01: x=21.33, y=7.29, θ=145.0 degrees
drone-01: x=22.33, y=7.29, θ=347.0 degrees
# 2025-10-21 12:20:19
drone-01: x=23.23, y=7.59, θ=2.0 degrees
drone-02: x=21.23, y=8.59, θ=219.0 degrees
drone-03: x=22.23, y=8.59, θ=178.0 degrees
drone-04: x=23.23, y=8.59, θ=272.0 degrees
drone-05: x=21.23, y=7.59, θ=255.0 degrees
dog-01: x=23.23, y=7.59, θ=131.0 degrees
dog-02: x=21.23, y=7.59, θ=147.0 degrees
dog-03: x=23.23, y=7.59, θ=8.0 degrees
dog-04: x=21.23, y=7.59, θ=45.0 degrees
dog-05: x=23.23, y=8.59, θ=164.0 degrees
humanoid-01: x=23.23, y=7.59, θ=185.0 degrees
car-01: x=22.23, y=7.59, θ=160.0 degrees
drone-01: x=23.23, y=7.59, θ=2.0 degrees
# 2025-10-21 12:20:39
drone-01: x=24.12, y=7.80, θ=17.0 degrees
drone-02: x=22.12, y=8.80, θ=234.0 degrees
drone-03: x=23.12, y=8.80, θ=193.0 degrees
drone-04: x=24.12, y=8.80, θ=287.0 degrees
drone-05: x=22.12, y=7.80, θ=270.0 degrees
dog-01: x=24.12, y=7.80, θ=146.0 degrees
dog-02: x=22.12, y=7.80, θ=162.0 degrees
dog-03: x=24.12, y=7.80, θ=23.0 degrees
dog-04: x=22.12, y=7.80, θ=60.0 degrees
dog-05: x=24.12, y=8.80, θ=179.0 degrees
humanoid-01: x=24.12, y=7.80, θ=200.0 degrees
car-01: x=23.12, y=7.80, θ=175.0 degrees
drone-01: x=24.12, y=7.80, θ=17.0 degrees
# 2025-10-21 12:20:59
drone-01: x=24.99, y=7.94, θ=32.0 degrees
drone-02: x=22.99, y=8.94, θ=249.0 degrees
drone-03: x=23.99, y=8.94, θ=208.0 degrees
drone-04: x=24.99, y=8.94, θ=302.0 degrees
drone-05: x=22.99, y=7.94, θ=285.0 degrees
dog-01: x=24.99, y=7.94, θ=161.0 degrees
dog-02: x=22.99, y=7.94, θ=177.0 degrees
dog-03: x=24.99, y=7.94, θ=38.0 degrees
dog-04: x=22.99, y=7.94, θ=75.0 degrees
dog-05: x=24.99, y=8.94, θ=194.0 degrees
humanoid-01: x=24.99, y=7.94, θ=215.0 degrees
car-01: x=23.99, y=7.94, θ=190.0 degrees
drone-01: x=24.99, y=7.94, θ=32.0 degrees
# 2025-10-21 12:21:19
drone-01: x=25.81, y=8.01, θ=47.0 degrees
drone-02: x=23.81, y=9.01, θ=264.0 degrees
drone-03: x=24.81, y=9.01, θ=223.0 degrees
drone-04: x=25.81, y=9.01, θ=317.0 degrees
drone-05: x=23.81, y=8.01, θ=300.0 degrees
dog-01: x=25.81, y=8.01, θ=176.0 degrees
dog-02: x=23.81, y=8.01, θ=192.0 degrees
dog-03: x=25.81, y=8.01, θ=53.0 degrees
dog-04: x=23.81, y=8.01, θ=90.0 degrees
dog-05: x=25.81, y=9.01, θ=209.0 degrees
humanoid-01: x=25.81, y=8.01, θ=230.0 degrees
car-01: x=24.81, y=8.01, θ=205.0 degrees
drone-01: x=25.81, y=8.01, θ=47.0 degrees
# 2025-10-21 12:21:39
drone-01: x=26.59, y=8.02, θ=62.0 degrees
drone-02: x=24.59, y=9.02, θ=279.0 degrees
drone-03: x=25.59, y=9.02, θ=238.0 degrees
drone-04: x=26.59, y=9.02, θ=332.0 degrees
drone-05: x=24.59, y=8.02, θ=315.0 degrees
dog-01: x=26.59, y=8.02, θ=191.0 degrees
dog-02: x=24.59, y=8.02, θ=207.0 degrees
dog-03: x=26.59, y=8.02, θ=68.0 degrees
dog-04: x=24.59, y=8.02, θ=105.0 degrees
dog-05: x=26.59, y=9.02, θ=224.0 degrees
humanoid-01: x=26.59, y=8.02, θ=245.0 degrees
car-01: x=25.59, y=8.02, θ=220.0 degrees
drone-01: x=26.59, y=8.02, θ=62.0 degrees
# 2025-10-21 12:21:59
drone-01: x=27.30, y=7.98, θ=77.0 degrees
drone-02: x=25.30, y=8.98, θ=294.0 degrees
drone-03: x=26.30, y=8.98, θ=253.0 degrees
drone-04: x=27.30, y=8.98, θ=347.0 degrees
drone-05: x=25.30, y=7.98, θ=330.0 degrees
dog-01: x=27.30, y=7.98, θ=206.0 degrees
dog-02: x=25.30, y=7.98, θ=222.0 degrees
dog-03: x=27.30, y=7.98, θ=83.0 degrees
dog-04: x=25.30, y=7.98, θ=120.0 degrees
dog-05: x=27.30, y=8.98, θ=239.0 degrees
humanoid-01: x=27.30, y=7.98, θ=260.0 degrees
car-01: x=26.30, y=7.98, θ=235.0 degrees
drone-01: x=27.30, y=7.98, θ=77.0 degrees
# 2025-10-21 12:22:19
drone-01: x=27.94, y=7.90, θ=92.0 degrees
drone-02: x=25.94, y=8.90, θ=309.0 degrees
drone-03: x=26.94, y=8.90, θ=268.0 degrees
drone-04: x=27.94, y=8.90, θ=2.0 degrees
drone-05: x=25.94, y=7.90, θ=345.0 degrees
dog-01: x=27.94, y=7.90, θ=221.0 degrees
dog-02: x=25.94, y=7.90, θ=237.0 degrees
dog-03: x=27.94, y=7.90, θ=98.0 degrees
dog-04: x=25.94, y=7.90, θ=135.0 degrees
dog-05: x=27.94, y=8.90, θ=254.0 degrees
humanoid-01: x=27.94, y=7.90, θ=275.0 degrees
car-01: x=26.94, y=7.90, θ=250.0 degrees
drone-01: x=27.94, y=7.90, θ=92.0 degrees
# 2025-10-21 12:22:39
drone-01: x=28.50, y=7.81, θ=107.0 degrees
drone-02: x=26.50, y=8.81, θ=324.0 degrees
drone-03: x=27.50, y=8.81, θ=283.0 degrees
drone-04: x=28.50, y=8.81, θ=17.0 degrees
drone-05: x=26.50, y=7.81, θ=0.0 degrees
dog-01: x=28.50, y=7.81, θ=236.0 degrees
dog-02: x=26.50, y=7.81, θ=252.0 degrees
dog-03: x=28.50, y=7.81, θ=113.0 degrees
dog-04: x=26.50, y=7.81, θ=150.0 degrees
dog-05: x=28.50, y=8.81, θ=269.0 degrees
humanoid-01: x=28.50, y=7.81, θ=290.0 degrees
car-01: x=27.50, y=7.81, θ=265.0 degrees
drone-01: x=28.50, y=7.81, θ=107.0 degrees
# 2025-10-21 12:22:59
drone-01: x=28.98, y=4.71, θ=122.0 degrees
drone-02: x=26.98, y=5.71, θ=339.0 degrees
drone-03: x=27.98, y=5.71, θ=298.0 degrees
drone-04: x=28.98, y=5.71, θ=32.0 degrees
drone-05: x=26.98, y=4.71, θ=15.0 degrees
dog-01: x=28.98, y=4.71, θ=251.0 degrees
dog-02: x=26.98, y=4.71, θ=267.0 degrees
dog-03: x=28.98, y=4.71, θ=128.0 degrees
dog-04: x=26.98, y=4.71, θ=165.0 degrees
dog-05: x=28.98, y=5.71, θ=284.0 degrees
humanoid-01: x=28.98, y=4.71, θ=305.0 degrees
car-01: x=27.98, y=4.71, θ=280.0 degrees
drone-01: x=28.98, y=4.71, θ=122.0 degrees
# 2025-10-21 12:23:19
drone-01: x=29.38, y=4.62, θ=137.0 degrees
drone-02: x=27.38, y=5.62, θ=354.0 degrees
drone-03: x=28.38, y=5.62, θ=313.0 degrees
drone-04: x=29.38, y=5.62, θ=47.0 degrees
drone-05: x=27.38, y=4.62, θ=30.0 degrees
dog-01: x=29.38, y=4.62, θ=266.0 degrees
dog-02: x=27.38, y=4.62, θ=282.0 degrees
dog-03: x=29.38, y=4.62, θ=143.0 degrees
dog-04: x=27.38, y=4.62, θ=180.0 degrees
dog-05: x=29.38, y=5.62, θ=299.0 degrees
humanoid-01: x=29.38, y=4.62, θ=320.0 degrees
car-01: x=28.38, y=4.62, θ=295.0 degrees
drone-01: x=29.38, y=4.62, θ=137.0 degrees
# 2025-10-21 12:23:39
drone-01: x=29.71, y=4.56, θ=152.0 degrees
drone-02: x=27.71, y=5.56, θ=9.0 degrees
drone-03: x=28.71, y=5.56, θ=328.0 degrees
drone-04: x=29.71, y=5.56, θ=62.0 degrees
drone-05: x=27.71, y=4.56, θ=45.0 degrees
dog-01: x=29.71, y=4.56, θ=281.0 degrees
dog-02: x=27.71, y=4.56, θ=297.0 degrees
dog-03: x=29.71, y=4.56, θ=158.0 degrees
dog-04: x=27.71, y=4.56, θ=195.0 degrees
dog-05: x=29.71, y=5.56, θ=314.0 degrees
humanoid-01: x=29.71, y=4.56, θ=335.0 degrees
car-01: x=28.71, y=4.56, θ=310.0 degrees
drone-01: x=29.71, y=4.56, θ=152.0 degrees
# 2025-10-21 12:23:59
drone-01: x=29.97, y=4.54, θ=167.0 degrees
drone-02: x=27.97, y=5.54, θ=24.0 degrees
drone-03: x=28.97, y=5.54, θ=343.0 degrees
drone-04: x=29.97, y=5.54, θ=77.0 degrees
drone-05: x=27.97, y=4.54, θ=60.0 degrees
dog-01: x=29.97, y=4.54, θ=296.0 degrees
dog-02: x=27.97, y=4.54, θ=312.0 degrees
dog-03: x=29.97, y=4.54, θ=173.0 degrees
dog-04: x=27.97, y=4.54, θ=210.0 degrees
dog-05: x=29.97, y=5.54, θ=329.0 degrees
humanoid-01: x=29.97, y=4.54, θ=350.0 degrees
car-01: x=28.97, y=4.54, θ=325.0 degrees
drone-01: x=29.97, y=4.54, θ=167.0 degrees
# 2025-10-21 12:24:19
drone-01: x=30.17, y=4.58, θ=182.0 degrees
drone-02: x=28.17, y=5.58, θ=39.0 degrees
drone-03: x=29.17, y=5.58, θ=358.0 degrees
drone-04: x=30.17, y=5.58, θ=92.0 degrees
drone-05: x=28.17, y=4.58, θ=75.0 degrees
dog-01: x=30.17, y=4.58, θ=311.0 degrees
dog-02: x=28.17, y=4.58, θ=327.0 degrees
dog-03: x=30.17, y=4.58, θ=188.0 degrees
dog-04: x=28.17, y=4.58, θ=225.0 degrees
dog-05: x=30.17, y=5.58, θ=344.0 degrees
humanoid-01: x=30.17, y=4.58, θ=5.0 degrees
car-01: x=29.17, y=4.58, θ=340.0 degrees
drone-01: x=30.17, y=4.58, θ=182.0 degrees
# 2025-10-21 12:24:39
drone-01: x=30.32, y=4.68, θ=197.0 degrees
drone-02: x=28.32, y=5.68, θ=54.0 degrees
drone-03: x=29.32, y=5.68, θ=13.0 degrees
drone-04: x=30.32, y=5.68, θ=107.0 degrees
drone-05: x=28.32, y=4.68, θ=90.0 degrees
dog-01: x=30.32, y=4.68, θ=326.0 degrees
dog-02: x=28.32, y=4.68, θ=342.0 degrees
dog-03: x=30.32, y=4.68, θ=203.0 degrees
dog-04: x=28.32, y=4.68, θ=240.0 degrees
dog-05: x=30.32, y=5.68, θ=359.0 degrees
humanoid-01: x=30.32, y=4.68, θ=20.0 degrees
car-01: x=29.32, y=4.68, θ=355.0 degrees
drone-01: x=30.32, y=4.68, θ=197.0 degrees
# 2025-10-21 12:24:59
drone-01: x=30.45, y=4.85, θ=212.0 degrees
drone-02: x=28.45, y=5.85, θ=69.0 degrees
drone-03: x=29.45, y=5.85, θ=28.0 degrees
drone-04: x=30.45, y=5.85, θ=122.0 degrees
drone-05: x=28.45, y=4.85, θ=105.0 degrees
dog-01: x=30.45, y=4.85, θ=341.0 degrees
dog-02: x=28.45, y=4.85, θ=357.0 degrees
dog-03: x=30.45, y=4.85, θ=218.0 degrees
dog-04: x=28.45, y=4.85, θ=255.0 degrees
dog-05: x=30.45, y=5.85, θ=14.0 degrees
humanoid-01: x=30.45, y=4.85, θ=35.0 degrees
car-01: x=29.45, y=4.85, θ=10.0 degrees
drone-01: x=30.45, y=4.85, θ=212.0 degrees
# 2025-10-21 12:25:19
drone-01: x=30.55, y=5.10, θ=227.0 degrees
drone-02: x=28.55, y=6.10, θ=84.0 degrees
drone-03: x=29.55, y=6.10, θ=43.0 degrees
drone-04: x=30.55, y=6.10, θ=137.0 degrees
drone-05: x=28.55, y=5.10, θ=120.0 degrees
dog-01: x=30.55, y=5.10, θ=356.0 degrees
dog-02: x=28.55, y=5.10, θ=12.0 degrees
dog-03: x=30.55, y=5.10, θ=233.0 degrees
dog-04: x=28.55, y=5.10, θ=270.0 degrees
dog-05: x=30.55, y=6.10, θ=29.0 degrees
humanoid-01: x=30.55, y=5.10, θ=50.0 degrees
car-01: x=29.55, y=5.10, θ=25.0 degrees
drone-01: x=30.55, y=5.10, θ=227.0 degrees
# 2025-10-21 12:25:39
drone-01: x=30.65, y=5.43, θ=242.0 degrees
drone-02: x=28.65, y=6.43, θ=99.0 degrees
drone-03: x=29.65, y=6.43, θ=58.0 degrees
drone-04: x=30.65, y=6.43, θ=152.0 degrees
drone-05: x=28.65, y=5.43, θ=135.0 degrees
dog-01: x=30.65, y=5.43, θ=11.0 degrees
dog-02: x=28.65, y=5.43, θ=27.0 degrees
dog-03: x=30.65, y=5.43, θ=248.0 degrees
dog-04: x=28.65, y=5.43, θ=285.0 degrees
dog-05: x=30.65, y=6.43, θ=44.0 degrees
humanoid-01: x=30.65, y=5.43, θ=65.0 degrees
car-01: x=29.65, y=5.43, θ=40.0 degrees
drone-01: x=30.65, y=5.43, θ=242.0 degrees
# 2025-10-21 12:25:59
drone-01: x=30.77, y=5.84, θ=257.0 degrees
drone-02: x=28.77, y=6.84, θ=114.0 degrees
drone-03: x=29.77, y=6.84, θ=73.0 degrees
drone-04: x=30.77, y=6.84, θ=167.0 degrees
drone-05: x=28.77, y=5.84, θ=150.0 degrees
dog-01: x=30.77, y=5.84, θ=26.0 degrees
dog-02: x=28.77, y=5.84, θ=42.0 degrees
dog-03: x=30.77, y=5.84, θ=263.0 degrees
dog-04: x=28.77, y=5.84, θ=300.0 degrees
dog-05: x=30.77, y=6.84, θ=59.0 degrees
humanoid-01: x=30.77, y=5.84, θ=80.0 degrees
car-01: x=29.77, y=5.84, θ=55.0 degrees
drone-01: x=30.77, y=5.84, θ=257.0 degrees
# 2025-10-21 12:26:19
drone-01: x=30.91, y=3.32, θ=272.0 degrees
drone-02: x=28.91, y=4.32, θ=129.0 degrees
drone-03: x=29.91, y=4.32, θ=88.0 degrees
drone-04: x=30.91, y=4.32, θ=182.0 degrees
drone-05: x=28.91, y=3.32, θ=165.0 degrees
dog-01: x=30.91, y=3.32, θ=41.0 degrees
dog-02: x=28.91, y=3.32, θ=57.0 degrees
dog-03: x=30.91, y=3.32, θ=278.0 degrees
dog-04: x=28.91, y=3.32, θ=315.0 degrees
dog-05: x=30.91, y=4.32, θ=74.0 degrees
humanoid-01: x=30.91, y=3.32, θ=95.0 degrees
car-01: x=29.91, y=3.32, θ=70.0 degrees
drone-01: x=30.91, y=3.32, θ=272.0 degrees
# 2025-10-21 12:26:39
drone-01: x=31.10, y=3.87, θ=287.0 degrees
drone-02: x=29.10, y=4.87, θ=144.0 degrees
drone-03: x=30.10, y=4.87, θ=103.0 degrees
drone-04: x=31.10, y=4.87, θ=197.0 degrees
drone-05: x=29.10, y=3.87, θ=180.0 degrees
dog-01: x=31.10, y=3.87, θ=56.0 degrees
dog-02: x=29.10, y=3.87, θ=72.0 degrees
dog-03: x=31.10, y=3.87, θ=293.0 degrees
dog-04: x=29.10, y=3.87, θ=330.0 degrees
dog-05: x=31.10, y=4.87, θ=89.0 degrees
humanoid-01: x=31.10, y=3.87, θ=110.0 degrees
car-01: x=30.10, y=3.87, θ=85.0 degrees
drone-01: x=31.10, y=3.87, θ=287.0 degrees
# 2025-10-21 12:26:59
drone-01: x=31.34, y=4.48, θ=302.0 degrees
drone-02: x=29.34, y=5.48, θ=159.0 degrees
drone-03: x=30.34, y=5.48, θ=118.0 degrees
drone-04: x=31.34, y=5.48, θ=212.0 degrees
drone-05: x=29.34, y=4.48, θ=195.0 degrees
dog-01: x=31.34, y=4.48, θ=71.0 degrees
dog-02: x=29.34, y=4.48, θ=87.0 degrees
dog-03: x=31.34, y=4.48, θ=308.0 degrees
dog-04: x=29.34, y=4.48, θ=345.0 degrees
dog-05: x=31.34, y=5.48, θ=104.0 degrees
humanoid-01: x=31.34, y=4.48, θ=125.0 degrees
car-01: x=30.34, y=4.48, θ=100.0 degrees
drone-01: x=31.34, y=4.48, θ=302.0 degrees
# 2025-10-21 12:27:19
drone-01: x=31.65, y=5.13, θ=317.0 degrees
drone-02: x=29.65, y=6.13, θ=174.0 degrees
drone-03: x=30.65, y=6.13, θ=133.0 degrees
drone-04: x=31.65, y=6.13, θ=227.0 degrees
drone-05: x=29.65, y=5.13, θ=210.0 degrees
dog-01: x=31.65, y=5.13, θ=86.0 degrees
dog-02: x=29.65, y=5.13, θ=102.0 degrees
dog-03: x=31.65, y=5.13, θ=323.0 degrees
dog-04: x=29.65, y=5.13, θ=0.0 degrees
dog-05: x=31.65, y=6.13, θ=119.0 degrees
humanoid-01: x=31.65, y=5.13, θ=140.0 degrees
car-01: x=30.65, y=5.13, θ=115.0 degrees
drone-01: x=31.65, y=5.13, θ=317.0 degrees
2025-10-21 12:09:39,090 [INFO] Mission log generated.
